{"name":"hexo","hostname":"LAPTOP-2J7PR6JO","pid":16260,"level":20,"msg":"Hexo version: 3.7.1","time":"2018-04-18T08:11:01.269Z","v":0}
{"name":"hexo","hostname":"LAPTOP-2J7PR6JO","pid":16260,"level":20,"msg":"Working directory: E:\\Program Files\\HEXO\\blog\\","time":"2018-04-18T08:11:01.271Z","v":0}
{"name":"hexo","hostname":"LAPTOP-2J7PR6JO","pid":16260,"level":20,"msg":"Config loaded: E:\\Program Files\\HEXO\\blog\\_config.yml","time":"2018-04-18T08:11:01.469Z","v":0}
{"name":"hexo","hostname":"LAPTOP-2J7PR6JO","pid":16260,"level":20,"msg":"Plugin loaded: hexo-generator-archive","time":"2018-04-18T08:11:01.506Z","v":0}
{"name":"hexo","hostname":"LAPTOP-2J7PR6JO","pid":16260,"level":20,"msg":"Plugin loaded: hexo-deployer-git","time":"2018-04-18T08:11:01.557Z","v":0}
{"name":"hexo","hostname":"LAPTOP-2J7PR6JO","pid":16260,"level":20,"msg":"Plugin loaded: hexo-generator-category","time":"2018-04-18T08:11:01.561Z","v":0}
{"name":"hexo","hostname":"LAPTOP-2J7PR6JO","pid":16260,"level":20,"msg":"Plugin loaded: hexo-generator-tag","time":"2018-04-18T08:11:01.565Z","v":0}
{"name":"hexo","hostname":"LAPTOP-2J7PR6JO","pid":16260,"level":20,"msg":"Plugin loaded: hexo-generator-index","time":"2018-04-18T08:11:01.568Z","v":0}
{"name":"hexo","hostname":"LAPTOP-2J7PR6JO","pid":16260,"level":20,"msg":"Plugin loaded: hexo-renderer-ejs","time":"2018-04-18T08:11:01.575Z","v":0}
{"name":"hexo","hostname":"LAPTOP-2J7PR6JO","pid":16260,"level":20,"msg":"Plugin loaded: hexo-renderer-marked","time":"2018-04-18T08:11:01.586Z","v":0}
{"name":"hexo","hostname":"LAPTOP-2J7PR6JO","pid":16260,"level":20,"msg":"Plugin loaded: hexo-renderer-stylus","time":"2018-04-18T08:11:01.588Z","v":0}
{"name":"hexo","hostname":"LAPTOP-2J7PR6JO","pid":16260,"level":20,"msg":"Plugin loaded: hexo-server","time":"2018-04-18T08:11:01.766Z","v":0}
{"name":"hexo","hostname":"LAPTOP-2J7PR6JO","pid":16260,"level":20,"msg":"Script loaded: themes\\hexo-theme-lite-master\\scripts\\generate-api.js","time":"2018-04-18T08:11:01.770Z","v":0}
{"name":"hexo","hostname":"LAPTOP-2J7PR6JO","pid":16260,"level":20,"msg":"Loading database.","time":"2018-04-18T08:11:01.780Z","v":0}
{"name":"hexo","hostname":"LAPTOP-2J7PR6JO","pid":16260,"level":30,"msg":"Start processing","time":"2018-04-18T08:11:01.812Z","v":0}
{"name":"hexo","hostname":"LAPTOP-2J7PR6JO","pid":16260,"level":20,"msg":"Processed: 副本/hello-world - 副本.md","time":"2018-04-18T08:11:01.883Z","v":0}
{"name":"hexo","hostname":"LAPTOP-2J7PR6JO","pid":16260,"level":20,"msg":"Processed: _posts/hello-world.md","time":"2018-04-18T08:11:01.884Z","v":0}
{"name":"hexo","hostname":"LAPTOP-2J7PR6JO","pid":16260,"level":20,"msg":"Processed: _posts/hello111.md","time":"2018-04-18T08:11:01.885Z","v":0}
{"name":"hexo","hostname":"LAPTOP-2J7PR6JO","pid":16260,"level":20,"msg":"Theme config loaded.","time":"2018-04-18T08:11:01.960Z","v":0}
{"name":"hexo","hostname":"LAPTOP-2J7PR6JO","pid":16260,"level":20,"msg":"Processed: _config.yml","time":"2018-04-18T08:11:01.962Z","v":0}
{"name":"hexo","hostname":"LAPTOP-2J7PR6JO","pid":16260,"level":20,"msg":"Processed: source/static/favicon.ico","time":"2018-04-18T08:11:01.962Z","v":0}
{"name":"hexo","hostname":"LAPTOP-2J7PR6JO","pid":16260,"level":20,"msg":"Processed: source/static/favicon_old.ico","time":"2018-04-18T08:11:01.963Z","v":0}
{"name":"hexo","hostname":"LAPTOP-2J7PR6JO","pid":16260,"level":20,"msg":"Processed: layout/index.ejs","time":"2018-04-18T08:11:01.983Z","v":0}
{"name":"hexo","hostname":"LAPTOP-2J7PR6JO","pid":16260,"level":20,"msg":"Processed: source/static/css/app.735a96676d004a3ab4342a23d617337f.css.gz","time":"2018-04-18T08:11:01.986Z","v":0}
{"name":"hexo","hostname":"LAPTOP-2J7PR6JO","pid":16260,"level":20,"msg":"Processed: source/static/fonts/element-icons.6f0a763.ttf","time":"2018-04-18T08:11:01.986Z","v":0}
{"name":"hexo","hostname":"LAPTOP-2J7PR6JO","pid":16260,"level":20,"msg":"Processed: source/static/images/kamuyi_old.jpg","time":"2018-04-18T08:11:01.986Z","v":0}
{"name":"hexo","hostname":"LAPTOP-2J7PR6JO","pid":16260,"level":20,"msg":"Processed: source/static/js/0.70dabc1c0009631e2a0e.js.gz","time":"2018-04-18T08:11:01.987Z","v":0}
{"name":"hexo","hostname":"LAPTOP-2J7PR6JO","pid":16260,"level":20,"msg":"Processed: source/static/js/0.70dabc1c0009631e2a0e.js","time":"2018-04-18T08:11:01.987Z","v":0}
{"name":"hexo","hostname":"LAPTOP-2J7PR6JO","pid":16260,"level":20,"msg":"Processed: source/static/js/1.bcea4c6d162aee194d2f.js.gz","time":"2018-04-18T08:11:01.987Z","v":0}
{"name":"hexo","hostname":"LAPTOP-2J7PR6JO","pid":16260,"level":20,"msg":"Processed: source/static/js/2.3cfdff1b7c1cae50046a.js.gz","time":"2018-04-18T08:11:01.987Z","v":0}
{"name":"hexo","hostname":"LAPTOP-2J7PR6JO","pid":16260,"level":20,"msg":"Processed: source/static/js/3.deac70890ffb1825009b.js","time":"2018-04-18T08:11:01.987Z","v":0}
{"name":"hexo","hostname":"LAPTOP-2J7PR6JO","pid":16260,"level":20,"msg":"Processed: source/static/js/3.deac70890ffb1825009b.js.map","time":"2018-04-18T08:11:01.988Z","v":0}
{"name":"hexo","hostname":"LAPTOP-2J7PR6JO","pid":16260,"level":20,"msg":"Processed: source/static/js/4.b530ea7d5ec4696df8e1.js","time":"2018-04-18T08:11:01.988Z","v":0}
{"name":"hexo","hostname":"LAPTOP-2J7PR6JO","pid":16260,"level":20,"msg":"Processed: source/static/js/4.b530ea7d5ec4696df8e1.js.map","time":"2018-04-18T08:11:01.988Z","v":0}
{"name":"hexo","hostname":"LAPTOP-2J7PR6JO","pid":16260,"level":20,"msg":"Processed: source/static/js/5.c7fc1283ec1fdfd0717e.js","time":"2018-04-18T08:11:01.988Z","v":0}
{"name":"hexo","hostname":"LAPTOP-2J7PR6JO","pid":16260,"level":20,"msg":"Processed: source/static/js/5.c7fc1283ec1fdfd0717e.js.map","time":"2018-04-18T08:11:01.988Z","v":0}
{"name":"hexo","hostname":"LAPTOP-2J7PR6JO","pid":16260,"level":20,"msg":"Processed: source/static/js/6.881c66edb9204f71bb5d.js","time":"2018-04-18T08:11:01.988Z","v":0}
{"name":"hexo","hostname":"LAPTOP-2J7PR6JO","pid":16260,"level":20,"msg":"Processed: source/static/js/6.881c66edb9204f71bb5d.js.map","time":"2018-04-18T08:11:01.989Z","v":0}
{"name":"hexo","hostname":"LAPTOP-2J7PR6JO","pid":16260,"level":20,"msg":"Processed: source/static/js/7.cae543e622eab56f781f.js","time":"2018-04-18T08:11:01.989Z","v":0}
{"name":"hexo","hostname":"LAPTOP-2J7PR6JO","pid":16260,"level":20,"msg":"Processed: source/static/js/7.cae543e622eab56f781f.js.map","time":"2018-04-18T08:11:01.989Z","v":0}
{"name":"hexo","hostname":"LAPTOP-2J7PR6JO","pid":16260,"level":20,"msg":"Processed: source/static/js/app.0e5d9a3657c7938b569f.js","time":"2018-04-18T08:11:01.989Z","v":0}
{"name":"hexo","hostname":"LAPTOP-2J7PR6JO","pid":16260,"level":20,"msg":"Processed: source/static/js/app.0e5d9a3657c7938b569f.js.gz","time":"2018-04-18T08:11:01.989Z","v":0}
{"name":"hexo","hostname":"LAPTOP-2J7PR6JO","pid":16260,"level":20,"msg":"Processed: source/static/js/manifest.9c14e4c25ff8a4ffed18.js","time":"2018-04-18T08:11:01.989Z","v":0}
{"name":"hexo","hostname":"LAPTOP-2J7PR6JO","pid":16260,"level":20,"msg":"Processed: source/static/js/manifest.9c14e4c25ff8a4ffed18.js.map","time":"2018-04-18T08:11:01.990Z","v":0}
{"name":"hexo","hostname":"LAPTOP-2J7PR6JO","pid":16260,"level":20,"msg":"Processed: source/static/fonts/fontawesome-webfont.af7ae50.woff2","time":"2018-04-18T08:11:01.998Z","v":0}
{"name":"hexo","hostname":"LAPTOP-2J7PR6JO","pid":16260,"level":20,"msg":"Processed: source/static/fonts/fontawesome-webfont.fee66e7.woff","time":"2018-04-18T08:11:01.998Z","v":0}
{"name":"hexo","hostname":"LAPTOP-2J7PR6JO","pid":16260,"level":20,"msg":"Processed: source/static/fonts/proximanova.3d5b0ad.woff","time":"2018-04-18T08:11:01.998Z","v":0}
{"name":"hexo","hostname":"LAPTOP-2J7PR6JO","pid":16260,"level":20,"msg":"Processed: source/static/fonts/proximanova.943bfb3.eot","time":"2018-04-18T08:11:01.999Z","v":0}
{"name":"hexo","hostname":"LAPTOP-2J7PR6JO","pid":16260,"level":20,"msg":"Processed: source/static/fonts/proximanova.e82905b.ttf","time":"2018-04-18T08:11:01.999Z","v":0}
{"name":"hexo","hostname":"LAPTOP-2J7PR6JO","pid":16260,"level":20,"msg":"Processed: source/static/images/miku.jpg","time":"2018-04-18T08:11:01.999Z","v":0}
{"name":"hexo","hostname":"LAPTOP-2J7PR6JO","pid":16260,"level":20,"msg":"Processed: source/static/js/0.70dabc1c0009631e2a0e.js.map","time":"2018-04-18T08:11:02.000Z","v":0}
{"name":"hexo","hostname":"LAPTOP-2J7PR6JO","pid":16260,"level":20,"msg":"Processed: source/static/js/app.0e5d9a3657c7938b569f.js.map","time":"2018-04-18T08:11:02.000Z","v":0}
{"name":"hexo","hostname":"LAPTOP-2J7PR6JO","pid":16260,"level":20,"msg":"Processed: source/static/js/vendor.e12dc8c9af1f7aa12436.js.gz","time":"2018-04-18T08:11:02.000Z","v":0}
{"name":"hexo","hostname":"LAPTOP-2J7PR6JO","pid":16260,"level":20,"msg":"Processed: src/layout/AppLayout.vue","time":"2018-04-18T08:11:02.006Z","v":0}
{"name":"hexo","hostname":"LAPTOP-2J7PR6JO","pid":16260,"level":20,"msg":"Processed: src/layout/app-layout.component.ts","time":"2018-04-18T08:11:02.006Z","v":0}
{"name":"hexo","hostname":"LAPTOP-2J7PR6JO","pid":16260,"level":20,"msg":"Processed: source/static/fonts/FiraCode-Regular.32d1e9f.eot","time":"2018-04-18T08:11:02.011Z","v":0}
{"name":"hexo","hostname":"LAPTOP-2J7PR6JO","pid":16260,"level":20,"msg":"Processed: source/static/fonts/FiraCode-Regular.2fe2d29.woff","time":"2018-04-18T08:11:02.012Z","v":0}
{"name":"hexo","hostname":"LAPTOP-2J7PR6JO","pid":16260,"level":20,"msg":"Processed: source/static/fonts/FiraCode-Regular.cb83346.ttf","time":"2018-04-18T08:11:02.012Z","v":0}
{"name":"hexo","hostname":"LAPTOP-2J7PR6JO","pid":16260,"level":20,"msg":"Processed: source/static/fonts/fontawesome-webfont.674f50d.eot","time":"2018-04-18T08:11:02.012Z","v":0}
{"name":"hexo","hostname":"LAPTOP-2J7PR6JO","pid":16260,"level":20,"msg":"Processed: source/static/fonts/fontawesome-webfont.b06871f.ttf","time":"2018-04-18T08:11:02.013Z","v":0}
{"name":"hexo","hostname":"LAPTOP-2J7PR6JO","pid":16260,"level":20,"msg":"Processed: source/static/images/kamuyi.jpg","time":"2018-04-18T08:11:02.013Z","v":0}
{"name":"hexo","hostname":"LAPTOP-2J7PR6JO","pid":16260,"level":20,"msg":"Processed: source/static/js/1.bcea4c6d162aee194d2f.js","time":"2018-04-18T08:11:02.013Z","v":0}
{"name":"hexo","hostname":"LAPTOP-2J7PR6JO","pid":16260,"level":20,"msg":"Processed: source/static/js/2.3cfdff1b7c1cae50046a.js","time":"2018-04-18T08:11:02.014Z","v":0}
{"name":"hexo","hostname":"LAPTOP-2J7PR6JO","pid":16260,"level":20,"msg":"Processed: source/static/css/app.735a96676d004a3ab4342a23d617337f.css","time":"2018-04-18T08:11:02.018Z","v":0}
{"name":"hexo","hostname":"LAPTOP-2J7PR6JO","pid":16260,"level":20,"msg":"Processed: source/static/img/FiraCode-Regular.7894876.svg","time":"2018-04-18T08:11:02.018Z","v":0}
{"name":"hexo","hostname":"LAPTOP-2J7PR6JO","pid":16260,"level":20,"msg":"Processed: source/static/img/proximanova.80c0947.svg","time":"2018-04-18T08:11:02.018Z","v":0}
{"name":"hexo","hostname":"LAPTOP-2J7PR6JO","pid":16260,"level":20,"msg":"Processed: source/static/js/1.bcea4c6d162aee194d2f.js.map","time":"2018-04-18T08:11:02.050Z","v":0}
{"name":"hexo","hostname":"LAPTOP-2J7PR6JO","pid":16260,"level":20,"msg":"Processed: source/static/js/2.3cfdff1b7c1cae50046a.js.map","time":"2018-04-18T08:11:02.050Z","v":0}
{"name":"hexo","hostname":"LAPTOP-2J7PR6JO","pid":16260,"level":20,"msg":"Processed: source/static/js/vendor.e12dc8c9af1f7aa12436.js","time":"2018-04-18T08:11:02.052Z","v":0}
{"name":"hexo","hostname":"LAPTOP-2J7PR6JO","pid":16260,"level":20,"msg":"Processed: source/static/img/fontawesome-webfont.912ec66.svg","time":"2018-04-18T08:11:02.053Z","v":0}
{"name":"hexo","hostname":"LAPTOP-2J7PR6JO","pid":16260,"level":20,"msg":"Processed: source/static/css/app.735a96676d004a3ab4342a23d617337f.css.map","time":"2018-04-18T08:11:02.064Z","v":0}
{"name":"hexo","hostname":"LAPTOP-2J7PR6JO","pid":16260,"level":20,"msg":"Processed: source/static/js/vendor.e12dc8c9af1f7aa12436.js.map","time":"2018-04-18T08:11:02.068Z","v":0}
{"name":"hexo","hostname":"LAPTOP-2J7PR6JO","pid":16260,"level":20,"msg":"Generator: page","time":"2018-04-18T08:11:02.273Z","v":0}
{"name":"hexo","hostname":"LAPTOP-2J7PR6JO","pid":16260,"level":20,"msg":"Generator: post","time":"2018-04-18T08:11:02.273Z","v":0}
{"name":"hexo","hostname":"LAPTOP-2J7PR6JO","pid":16260,"level":20,"msg":"Generator: archive","time":"2018-04-18T08:11:02.273Z","v":0}
{"name":"hexo","hostname":"LAPTOP-2J7PR6JO","pid":16260,"level":20,"msg":"Generator: category","time":"2018-04-18T08:11:02.273Z","v":0}
{"name":"hexo","hostname":"LAPTOP-2J7PR6JO","pid":16260,"level":20,"msg":"Generator: tag","time":"2018-04-18T08:11:02.273Z","v":0}
{"name":"hexo","hostname":"LAPTOP-2J7PR6JO","pid":16260,"level":20,"msg":"Generator: index","time":"2018-04-18T08:11:02.273Z","v":0}
{"name":"hexo","hostname":"LAPTOP-2J7PR6JO","pid":16260,"level":20,"msg":"Generator: liteRestfulApi","time":"2018-04-18T08:11:02.273Z","v":0}
{"name":"hexo","hostname":"LAPTOP-2J7PR6JO","pid":16260,"level":20,"msg":"Generator: asset","time":"2018-04-18T08:11:02.274Z","v":0}
{"name":"hexo","hostname":"LAPTOP-2J7PR6JO","pid":16260,"level":30,"msg":"Hexo is running at http://localhost:4000/. Press Ctrl+C to stop.","time":"2018-04-18T08:11:02.279Z","v":0}
{"name":"hexo","hostname":"LAPTOP-2J7PR6JO","pid":16260,"level":20,"msg":"Database saved","time":"2018-04-18T08:11:02.290Z","v":0}
{"name":"hexo","hostname":"LAPTOP-2J7PR6JO","pid":16260,"level":20,"msg":"Rendering index: index.html","time":"2018-04-18T08:11:04.929Z","v":0}
{"name":"hexo","hostname":"LAPTOP-2J7PR6JO","pid":16260,"level":20,"msg":"Rendering index: index.html","time":"2018-04-18T08:12:10.098Z","v":0}
{"name":"hexo","hostname":"LAPTOP-2J7PR6JO","pid":16260,"level":30,"msg":"See you again","time":"2018-04-18T08:12:34.464Z","v":0}
{"name":"hexo","hostname":"LAPTOP-2J7PR6JO","pid":16260,"level":20,"msg":"Database saved","time":"2018-04-18T08:12:34.475Z","v":0}
{"name":"hexo","hostname":"LAPTOP-2J7PR6JO","pid":13676,"level":20,"msg":"Hexo version: 3.7.1","time":"2018-04-18T08:12:36.826Z","v":0}
{"name":"hexo","hostname":"LAPTOP-2J7PR6JO","pid":13676,"level":20,"msg":"Working directory: E:\\Program Files\\HEXO\\blog\\","time":"2018-04-18T08:12:36.828Z","v":0}
{"name":"hexo","hostname":"LAPTOP-2J7PR6JO","pid":13676,"level":20,"msg":"Config loaded: E:\\Program Files\\HEXO\\blog\\_config.yml","time":"2018-04-18T08:12:37.026Z","v":0}
{"name":"hexo","hostname":"LAPTOP-2J7PR6JO","pid":13676,"level":20,"msg":"Plugin loaded: hexo-deployer-git","time":"2018-04-18T08:12:37.107Z","v":0}
{"name":"hexo","hostname":"LAPTOP-2J7PR6JO","pid":13676,"level":20,"msg":"Plugin loaded: hexo-generator-archive","time":"2018-04-18T08:12:37.113Z","v":0}
{"name":"hexo","hostname":"LAPTOP-2J7PR6JO","pid":13676,"level":20,"msg":"Plugin loaded: hexo-generator-category","time":"2018-04-18T08:12:37.118Z","v":0}
{"name":"hexo","hostname":"LAPTOP-2J7PR6JO","pid":13676,"level":20,"msg":"Plugin loaded: hexo-generator-index","time":"2018-04-18T08:12:37.122Z","v":0}
{"name":"hexo","hostname":"LAPTOP-2J7PR6JO","pid":13676,"level":20,"msg":"Plugin loaded: hexo-renderer-ejs","time":"2018-04-18T08:12:37.128Z","v":0}
{"name":"hexo","hostname":"LAPTOP-2J7PR6JO","pid":13676,"level":20,"msg":"Plugin loaded: hexo-generator-tag","time":"2018-04-18T08:12:37.131Z","v":0}
{"name":"hexo","hostname":"LAPTOP-2J7PR6JO","pid":13676,"level":20,"msg":"Plugin loaded: hexo-renderer-marked","time":"2018-04-18T08:12:37.141Z","v":0}
{"name":"hexo","hostname":"LAPTOP-2J7PR6JO","pid":13676,"level":20,"msg":"Plugin loaded: hexo-renderer-stylus","time":"2018-04-18T08:12:37.142Z","v":0}
{"name":"hexo","hostname":"LAPTOP-2J7PR6JO","pid":13676,"level":20,"msg":"Plugin loaded: hexo-server","time":"2018-04-18T08:12:37.310Z","v":0}
{"name":"hexo","hostname":"LAPTOP-2J7PR6JO","pid":13676,"level":20,"msg":"Script loaded: themes\\hexo-theme-lite-master\\scripts\\generate-api.js","time":"2018-04-18T08:12:37.315Z","v":0}
{"name":"hexo","hostname":"LAPTOP-2J7PR6JO","pid":13676,"level":20,"msg":"Loading database.","time":"2018-04-18T08:12:37.322Z","v":0}
{"name":"hexo","hostname":"LAPTOP-2J7PR6JO","pid":13676,"level":30,"msg":"Start processing","time":"2018-04-18T08:12:37.351Z","v":0}
{"name":"hexo","hostname":"LAPTOP-2J7PR6JO","pid":13676,"level":20,"msg":"Processed: _posts/hello-world.md","time":"2018-04-18T08:12:37.415Z","v":0}
{"name":"hexo","hostname":"LAPTOP-2J7PR6JO","pid":13676,"level":20,"msg":"Processed: 副本/hello-world - 副本.md","time":"2018-04-18T08:12:37.415Z","v":0}
{"name":"hexo","hostname":"LAPTOP-2J7PR6JO","pid":13676,"level":20,"msg":"Processed: _posts/hello111.md","time":"2018-04-18T08:12:37.416Z","v":0}
{"name":"hexo","hostname":"LAPTOP-2J7PR6JO","pid":13676,"level":20,"msg":"Theme config loaded.","time":"2018-04-18T08:12:37.497Z","v":0}
{"name":"hexo","hostname":"LAPTOP-2J7PR6JO","pid":13676,"level":20,"msg":"Processed: _config.yml","time":"2018-04-18T08:12:37.498Z","v":0}
{"name":"hexo","hostname":"LAPTOP-2J7PR6JO","pid":13676,"level":20,"msg":"Processed: source/static/favicon.ico","time":"2018-04-18T08:12:37.514Z","v":0}
{"name":"hexo","hostname":"LAPTOP-2J7PR6JO","pid":13676,"level":20,"msg":"Processed: source/static/favicon_old.ico","time":"2018-04-18T08:12:37.515Z","v":0}
{"name":"hexo","hostname":"LAPTOP-2J7PR6JO","pid":13676,"level":20,"msg":"Processed: layout/index.ejs","time":"2018-04-18T08:12:37.542Z","v":0}
{"name":"hexo","hostname":"LAPTOP-2J7PR6JO","pid":13676,"level":20,"msg":"Processed: source/static/css/app.735a96676d004a3ab4342a23d617337f.css.gz","time":"2018-04-18T08:12:37.546Z","v":0}
{"name":"hexo","hostname":"LAPTOP-2J7PR6JO","pid":13676,"level":20,"msg":"Processed: source/static/fonts/element-icons.6f0a763.ttf","time":"2018-04-18T08:12:37.546Z","v":0}
{"name":"hexo","hostname":"LAPTOP-2J7PR6JO","pid":13676,"level":20,"msg":"Processed: source/static/images/kamuyi_old.jpg","time":"2018-04-18T08:12:37.546Z","v":0}
{"name":"hexo","hostname":"LAPTOP-2J7PR6JO","pid":13676,"level":20,"msg":"Processed: source/static/js/0.70dabc1c0009631e2a0e.js","time":"2018-04-18T08:12:37.547Z","v":0}
{"name":"hexo","hostname":"LAPTOP-2J7PR6JO","pid":13676,"level":20,"msg":"Processed: source/static/js/0.70dabc1c0009631e2a0e.js.gz","time":"2018-04-18T08:12:37.547Z","v":0}
{"name":"hexo","hostname":"LAPTOP-2J7PR6JO","pid":13676,"level":20,"msg":"Processed: source/static/js/1.bcea4c6d162aee194d2f.js.gz","time":"2018-04-18T08:12:37.547Z","v":0}
{"name":"hexo","hostname":"LAPTOP-2J7PR6JO","pid":13676,"level":20,"msg":"Processed: source/static/js/2.3cfdff1b7c1cae50046a.js.gz","time":"2018-04-18T08:12:37.547Z","v":0}
{"name":"hexo","hostname":"LAPTOP-2J7PR6JO","pid":13676,"level":20,"msg":"Processed: source/static/js/3.deac70890ffb1825009b.js","time":"2018-04-18T08:12:37.548Z","v":0}
{"name":"hexo","hostname":"LAPTOP-2J7PR6JO","pid":13676,"level":20,"msg":"Processed: source/static/js/3.deac70890ffb1825009b.js.map","time":"2018-04-18T08:12:37.548Z","v":0}
{"name":"hexo","hostname":"LAPTOP-2J7PR6JO","pid":13676,"level":20,"msg":"Processed: source/static/js/4.b530ea7d5ec4696df8e1.js","time":"2018-04-18T08:12:37.548Z","v":0}
{"name":"hexo","hostname":"LAPTOP-2J7PR6JO","pid":13676,"level":20,"msg":"Processed: source/static/js/4.b530ea7d5ec4696df8e1.js.map","time":"2018-04-18T08:12:37.548Z","v":0}
{"name":"hexo","hostname":"LAPTOP-2J7PR6JO","pid":13676,"level":20,"msg":"Processed: source/static/js/5.c7fc1283ec1fdfd0717e.js","time":"2018-04-18T08:12:37.548Z","v":0}
{"name":"hexo","hostname":"LAPTOP-2J7PR6JO","pid":13676,"level":20,"msg":"Processed: source/static/js/5.c7fc1283ec1fdfd0717e.js.map","time":"2018-04-18T08:12:37.550Z","v":0}
{"name":"hexo","hostname":"LAPTOP-2J7PR6JO","pid":13676,"level":20,"msg":"Processed: source/static/js/6.881c66edb9204f71bb5d.js","time":"2018-04-18T08:12:37.550Z","v":0}
{"name":"hexo","hostname":"LAPTOP-2J7PR6JO","pid":13676,"level":20,"msg":"Processed: source/static/js/7.cae543e622eab56f781f.js","time":"2018-04-18T08:12:37.551Z","v":0}
{"name":"hexo","hostname":"LAPTOP-2J7PR6JO","pid":13676,"level":20,"msg":"Processed: source/static/js/6.881c66edb9204f71bb5d.js.map","time":"2018-04-18T08:12:37.551Z","v":0}
{"name":"hexo","hostname":"LAPTOP-2J7PR6JO","pid":13676,"level":20,"msg":"Processed: source/static/js/7.cae543e622eab56f781f.js.map","time":"2018-04-18T08:12:37.552Z","v":0}
{"name":"hexo","hostname":"LAPTOP-2J7PR6JO","pid":13676,"level":20,"msg":"Processed: source/static/js/app.0e5d9a3657c7938b569f.js","time":"2018-04-18T08:12:37.552Z","v":0}
{"name":"hexo","hostname":"LAPTOP-2J7PR6JO","pid":13676,"level":20,"msg":"Processed: source/static/js/app.0e5d9a3657c7938b569f.js.gz","time":"2018-04-18T08:12:37.552Z","v":0}
{"name":"hexo","hostname":"LAPTOP-2J7PR6JO","pid":13676,"level":20,"msg":"Processed: source/static/js/manifest.9c14e4c25ff8a4ffed18.js","time":"2018-04-18T08:12:37.552Z","v":0}
{"name":"hexo","hostname":"LAPTOP-2J7PR6JO","pid":13676,"level":20,"msg":"Processed: source/static/js/manifest.9c14e4c25ff8a4ffed18.js.map","time":"2018-04-18T08:12:37.552Z","v":0}
{"name":"hexo","hostname":"LAPTOP-2J7PR6JO","pid":13676,"level":20,"msg":"Processed: source/static/fonts/fontawesome-webfont.af7ae50.woff2","time":"2018-04-18T08:12:37.561Z","v":0}
{"name":"hexo","hostname":"LAPTOP-2J7PR6JO","pid":13676,"level":20,"msg":"Processed: source/static/fonts/fontawesome-webfont.fee66e7.woff","time":"2018-04-18T08:12:37.561Z","v":0}
{"name":"hexo","hostname":"LAPTOP-2J7PR6JO","pid":13676,"level":20,"msg":"Processed: source/static/fonts/proximanova.3d5b0ad.woff","time":"2018-04-18T08:12:37.561Z","v":0}
{"name":"hexo","hostname":"LAPTOP-2J7PR6JO","pid":13676,"level":20,"msg":"Processed: source/static/fonts/proximanova.943bfb3.eot","time":"2018-04-18T08:12:37.561Z","v":0}
{"name":"hexo","hostname":"LAPTOP-2J7PR6JO","pid":13676,"level":20,"msg":"Processed: source/static/fonts/proximanova.e82905b.ttf","time":"2018-04-18T08:12:37.562Z","v":0}
{"name":"hexo","hostname":"LAPTOP-2J7PR6JO","pid":13676,"level":20,"msg":"Processed: source/static/images/miku.jpg","time":"2018-04-18T08:12:37.562Z","v":0}
{"name":"hexo","hostname":"LAPTOP-2J7PR6JO","pid":13676,"level":20,"msg":"Processed: source/static/js/0.70dabc1c0009631e2a0e.js.map","time":"2018-04-18T08:12:37.562Z","v":0}
{"name":"hexo","hostname":"LAPTOP-2J7PR6JO","pid":13676,"level":20,"msg":"Processed: source/static/js/app.0e5d9a3657c7938b569f.js.map","time":"2018-04-18T08:12:37.562Z","v":0}
{"name":"hexo","hostname":"LAPTOP-2J7PR6JO","pid":13676,"level":20,"msg":"Processed: source/static/js/vendor.e12dc8c9af1f7aa12436.js.gz","time":"2018-04-18T08:12:37.562Z","v":0}
{"name":"hexo","hostname":"LAPTOP-2J7PR6JO","pid":13676,"level":20,"msg":"Processed: src/layout/app-layout.component.ts","time":"2018-04-18T08:12:37.568Z","v":0}
{"name":"hexo","hostname":"LAPTOP-2J7PR6JO","pid":13676,"level":20,"msg":"Processed: src/layout/AppLayout.vue","time":"2018-04-18T08:12:37.568Z","v":0}
{"name":"hexo","hostname":"LAPTOP-2J7PR6JO","pid":13676,"level":20,"msg":"Processed: source/static/fonts/FiraCode-Regular.2fe2d29.woff","time":"2018-04-18T08:12:37.572Z","v":0}
{"name":"hexo","hostname":"LAPTOP-2J7PR6JO","pid":13676,"level":20,"msg":"Processed: source/static/fonts/FiraCode-Regular.32d1e9f.eot","time":"2018-04-18T08:12:37.573Z","v":0}
{"name":"hexo","hostname":"LAPTOP-2J7PR6JO","pid":13676,"level":20,"msg":"Processed: source/static/fonts/FiraCode-Regular.cb83346.ttf","time":"2018-04-18T08:12:37.573Z","v":0}
{"name":"hexo","hostname":"LAPTOP-2J7PR6JO","pid":13676,"level":20,"msg":"Processed: source/static/fonts/fontawesome-webfont.674f50d.eot","time":"2018-04-18T08:12:37.573Z","v":0}
{"name":"hexo","hostname":"LAPTOP-2J7PR6JO","pid":13676,"level":20,"msg":"Processed: source/static/fonts/fontawesome-webfont.b06871f.ttf","time":"2018-04-18T08:12:37.573Z","v":0}
{"name":"hexo","hostname":"LAPTOP-2J7PR6JO","pid":13676,"level":20,"msg":"Processed: source/static/images/kamuyi.jpg","time":"2018-04-18T08:12:37.574Z","v":0}
{"name":"hexo","hostname":"LAPTOP-2J7PR6JO","pid":13676,"level":20,"msg":"Processed: source/static/js/1.bcea4c6d162aee194d2f.js","time":"2018-04-18T08:12:37.574Z","v":0}
{"name":"hexo","hostname":"LAPTOP-2J7PR6JO","pid":13676,"level":20,"msg":"Processed: source/static/js/2.3cfdff1b7c1cae50046a.js","time":"2018-04-18T08:12:37.574Z","v":0}
{"name":"hexo","hostname":"LAPTOP-2J7PR6JO","pid":13676,"level":20,"msg":"Processed: source/static/css/app.735a96676d004a3ab4342a23d617337f.css","time":"2018-04-18T08:12:37.607Z","v":0}
{"name":"hexo","hostname":"LAPTOP-2J7PR6JO","pid":13676,"level":20,"msg":"Processed: source/static/img/FiraCode-Regular.7894876.svg","time":"2018-04-18T08:12:37.607Z","v":0}
{"name":"hexo","hostname":"LAPTOP-2J7PR6JO","pid":13676,"level":20,"msg":"Processed: source/static/img/proximanova.80c0947.svg","time":"2018-04-18T08:12:37.607Z","v":0}
{"name":"hexo","hostname":"LAPTOP-2J7PR6JO","pid":13676,"level":20,"msg":"Processed: source/static/js/1.bcea4c6d162aee194d2f.js.map","time":"2018-04-18T08:12:37.610Z","v":0}
{"name":"hexo","hostname":"LAPTOP-2J7PR6JO","pid":13676,"level":20,"msg":"Processed: source/static/js/2.3cfdff1b7c1cae50046a.js.map","time":"2018-04-18T08:12:37.610Z","v":0}
{"name":"hexo","hostname":"LAPTOP-2J7PR6JO","pid":13676,"level":20,"msg":"Processed: source/static/img/fontawesome-webfont.912ec66.svg","time":"2018-04-18T08:12:37.611Z","v":0}
{"name":"hexo","hostname":"LAPTOP-2J7PR6JO","pid":13676,"level":20,"msg":"Processed: source/static/js/vendor.e12dc8c9af1f7aa12436.js","time":"2018-04-18T08:12:37.612Z","v":0}
{"name":"hexo","hostname":"LAPTOP-2J7PR6JO","pid":13676,"level":20,"msg":"Processed: source/static/css/app.735a96676d004a3ab4342a23d617337f.css.map","time":"2018-04-18T08:12:37.623Z","v":0}
{"name":"hexo","hostname":"LAPTOP-2J7PR6JO","pid":13676,"level":20,"msg":"Processed: source/static/js/vendor.e12dc8c9af1f7aa12436.js.map","time":"2018-04-18T08:12:37.628Z","v":0}
{"name":"hexo","hostname":"LAPTOP-2J7PR6JO","pid":13676,"level":20,"msg":"Generator: page","time":"2018-04-18T08:12:37.842Z","v":0}
{"name":"hexo","hostname":"LAPTOP-2J7PR6JO","pid":13676,"level":20,"msg":"Generator: post","time":"2018-04-18T08:12:37.842Z","v":0}
{"name":"hexo","hostname":"LAPTOP-2J7PR6JO","pid":13676,"level":20,"msg":"Generator: archive","time":"2018-04-18T08:12:37.842Z","v":0}
{"name":"hexo","hostname":"LAPTOP-2J7PR6JO","pid":13676,"level":20,"msg":"Generator: category","time":"2018-04-18T08:12:37.842Z","v":0}
{"name":"hexo","hostname":"LAPTOP-2J7PR6JO","pid":13676,"level":20,"msg":"Generator: index","time":"2018-04-18T08:12:37.842Z","v":0}
{"name":"hexo","hostname":"LAPTOP-2J7PR6JO","pid":13676,"level":20,"msg":"Generator: tag","time":"2018-04-18T08:12:37.842Z","v":0}
{"name":"hexo","hostname":"LAPTOP-2J7PR6JO","pid":13676,"level":20,"msg":"Generator: liteRestfulApi","time":"2018-04-18T08:12:37.842Z","v":0}
{"name":"hexo","hostname":"LAPTOP-2J7PR6JO","pid":13676,"level":20,"msg":"Generator: asset","time":"2018-04-18T08:12:37.843Z","v":0}
{"name":"hexo","hostname":"LAPTOP-2J7PR6JO","pid":13676,"level":30,"msg":"Hexo is running at http://localhost:4000/. Press Ctrl+C to stop.","time":"2018-04-18T08:12:37.849Z","v":0}
{"name":"hexo","hostname":"LAPTOP-2J7PR6JO","pid":13676,"level":20,"msg":"Database saved","time":"2018-04-18T08:12:37.860Z","v":0}
{"name":"hexo","hostname":"LAPTOP-2J7PR6JO","pid":13676,"level":20,"msg":"Rendering index: index.html","time":"2018-04-18T08:12:39.729Z","v":0}
{"name":"hexo","hostname":"LAPTOP-2J7PR6JO","pid":13676,"level":20,"msg":"Theme config loaded.","time":"2018-04-18T08:14:34.801Z","v":0}
{"name":"hexo","hostname":"LAPTOP-2J7PR6JO","pid":13676,"level":20,"msg":"Processed: _config.yml","time":"2018-04-18T08:14:34.801Z","v":0}
{"name":"hexo","hostname":"LAPTOP-2J7PR6JO","pid":13676,"level":20,"msg":"Generator: page","time":"2018-04-18T08:14:34.910Z","v":0}
{"name":"hexo","hostname":"LAPTOP-2J7PR6JO","pid":13676,"level":20,"msg":"Generator: post","time":"2018-04-18T08:14:34.910Z","v":0}
{"name":"hexo","hostname":"LAPTOP-2J7PR6JO","pid":13676,"level":20,"msg":"Generator: archive","time":"2018-04-18T08:14:34.910Z","v":0}
{"name":"hexo","hostname":"LAPTOP-2J7PR6JO","pid":13676,"level":20,"msg":"Generator: category","time":"2018-04-18T08:14:34.910Z","v":0}
{"name":"hexo","hostname":"LAPTOP-2J7PR6JO","pid":13676,"level":20,"msg":"Generator: index","time":"2018-04-18T08:14:34.910Z","v":0}
{"name":"hexo","hostname":"LAPTOP-2J7PR6JO","pid":13676,"level":20,"msg":"Generator: tag","time":"2018-04-18T08:14:34.911Z","v":0}
{"name":"hexo","hostname":"LAPTOP-2J7PR6JO","pid":13676,"level":20,"msg":"Generator: liteRestfulApi","time":"2018-04-18T08:14:34.911Z","v":0}
{"name":"hexo","hostname":"LAPTOP-2J7PR6JO","pid":13676,"level":20,"msg":"Generator: asset","time":"2018-04-18T08:14:34.912Z","v":0}
{"name":"hexo","hostname":"LAPTOP-2J7PR6JO","pid":13676,"level":20,"msg":"Theme config loaded.","time":"2018-04-18T08:14:53.019Z","v":0}
{"name":"hexo","hostname":"LAPTOP-2J7PR6JO","pid":13676,"level":20,"msg":"Processed: _config.yml","time":"2018-04-18T08:14:53.019Z","v":0}
{"name":"hexo","hostname":"LAPTOP-2J7PR6JO","pid":13676,"level":20,"msg":"Generator: page","time":"2018-04-18T08:14:53.131Z","v":0}
{"name":"hexo","hostname":"LAPTOP-2J7PR6JO","pid":13676,"level":20,"msg":"Generator: post","time":"2018-04-18T08:14:53.131Z","v":0}
{"name":"hexo","hostname":"LAPTOP-2J7PR6JO","pid":13676,"level":20,"msg":"Generator: archive","time":"2018-04-18T08:14:53.131Z","v":0}
{"name":"hexo","hostname":"LAPTOP-2J7PR6JO","pid":13676,"level":20,"msg":"Generator: category","time":"2018-04-18T08:14:53.131Z","v":0}
{"name":"hexo","hostname":"LAPTOP-2J7PR6JO","pid":13676,"level":20,"msg":"Generator: index","time":"2018-04-18T08:14:53.131Z","v":0}
{"name":"hexo","hostname":"LAPTOP-2J7PR6JO","pid":13676,"level":20,"msg":"Generator: tag","time":"2018-04-18T08:14:53.131Z","v":0}
{"name":"hexo","hostname":"LAPTOP-2J7PR6JO","pid":13676,"level":20,"msg":"Generator: liteRestfulApi","time":"2018-04-18T08:14:53.131Z","v":0}
{"name":"hexo","hostname":"LAPTOP-2J7PR6JO","pid":13676,"level":20,"msg":"Generator: asset","time":"2018-04-18T08:14:53.133Z","v":0}
{"name":"hexo","hostname":"LAPTOP-2J7PR6JO","pid":13676,"level":20,"msg":"Rendering index: index.html","time":"2018-04-18T08:14:58.495Z","v":0}
{"name":"hexo","hostname":"LAPTOP-2J7PR6JO","pid":13676,"level":20,"msg":"Processed: _posts/hello-world.md","time":"2018-04-18T08:18:44.394Z","v":0}
{"name":"hexo","hostname":"LAPTOP-2J7PR6JO","pid":13676,"level":20,"msg":"Generator: page","time":"2018-04-18T08:18:44.670Z","v":0}
{"name":"hexo","hostname":"LAPTOP-2J7PR6JO","pid":13676,"level":20,"msg":"Generator: post","time":"2018-04-18T08:18:44.670Z","v":0}
{"name":"hexo","hostname":"LAPTOP-2J7PR6JO","pid":13676,"level":20,"msg":"Generator: archive","time":"2018-04-18T08:18:44.670Z","v":0}
{"name":"hexo","hostname":"LAPTOP-2J7PR6JO","pid":13676,"level":20,"msg":"Generator: category","time":"2018-04-18T08:18:44.670Z","v":0}
{"name":"hexo","hostname":"LAPTOP-2J7PR6JO","pid":13676,"level":20,"msg":"Generator: index","time":"2018-04-18T08:18:44.670Z","v":0}
{"name":"hexo","hostname":"LAPTOP-2J7PR6JO","pid":13676,"level":20,"msg":"Generator: tag","time":"2018-04-18T08:18:44.670Z","v":0}
{"name":"hexo","hostname":"LAPTOP-2J7PR6JO","pid":13676,"level":20,"msg":"Generator: liteRestfulApi","time":"2018-04-18T08:18:44.670Z","v":0}
{"name":"hexo","hostname":"LAPTOP-2J7PR6JO","pid":13676,"level":20,"msg":"Generator: asset","time":"2018-04-18T08:18:44.672Z","v":0}
{"name":"hexo","hostname":"LAPTOP-2J7PR6JO","pid":13676,"level":20,"msg":"Rendering index: index.html","time":"2018-04-18T08:18:47.166Z","v":0}
{"name":"hexo","hostname":"LAPTOP-2J7PR6JO","pid":13676,"level":30,"msg":"Bye!","time":"2018-04-18T08:18:55.465Z","v":0}
{"name":"hexo","hostname":"LAPTOP-2J7PR6JO","pid":13676,"level":20,"msg":"Database saved","time":"2018-04-18T08:18:55.477Z","v":0}
{"name":"hexo","hostname":"LAPTOP-2J7PR6JO","pid":8224,"level":20,"msg":"Hexo version: 3.7.1","time":"2018-04-18T08:18:57.719Z","v":0}
{"name":"hexo","hostname":"LAPTOP-2J7PR6JO","pid":8224,"level":20,"msg":"Working directory: E:\\Program Files\\HEXO\\blog\\","time":"2018-04-18T08:18:57.721Z","v":0}
{"name":"hexo","hostname":"LAPTOP-2J7PR6JO","pid":8224,"level":20,"msg":"Config loaded: E:\\Program Files\\HEXO\\blog\\_config.yml","time":"2018-04-18T08:18:57.933Z","v":0}
{"name":"hexo","hostname":"LAPTOP-2J7PR6JO","pid":8224,"level":20,"msg":"Plugin loaded: hexo-deployer-git","time":"2018-04-18T08:18:58.019Z","v":0}
{"name":"hexo","hostname":"LAPTOP-2J7PR6JO","pid":8224,"level":20,"msg":"Plugin loaded: hexo-generator-archive","time":"2018-04-18T08:18:58.026Z","v":0}
{"name":"hexo","hostname":"LAPTOP-2J7PR6JO","pid":8224,"level":20,"msg":"Plugin loaded: hexo-generator-category","time":"2018-04-18T08:18:58.029Z","v":0}
{"name":"hexo","hostname":"LAPTOP-2J7PR6JO","pid":8224,"level":20,"msg":"Plugin loaded: hexo-generator-index","time":"2018-04-18T08:18:58.033Z","v":0}
{"name":"hexo","hostname":"LAPTOP-2J7PR6JO","pid":8224,"level":20,"msg":"Plugin loaded: hexo-generator-tag","time":"2018-04-18T08:18:58.036Z","v":0}
{"name":"hexo","hostname":"LAPTOP-2J7PR6JO","pid":8224,"level":20,"msg":"Plugin loaded: hexo-renderer-ejs","time":"2018-04-18T08:18:58.043Z","v":0}
{"name":"hexo","hostname":"LAPTOP-2J7PR6JO","pid":8224,"level":20,"msg":"Plugin loaded: hexo-renderer-marked","time":"2018-04-18T08:18:58.054Z","v":0}
{"name":"hexo","hostname":"LAPTOP-2J7PR6JO","pid":8224,"level":20,"msg":"Plugin loaded: hexo-renderer-stylus","time":"2018-04-18T08:18:58.056Z","v":0}
{"name":"hexo","hostname":"LAPTOP-2J7PR6JO","pid":8224,"level":20,"msg":"Plugin loaded: hexo-server","time":"2018-04-18T08:18:58.234Z","v":0}
{"name":"hexo","hostname":"LAPTOP-2J7PR6JO","pid":8224,"level":20,"msg":"Script loaded: themes\\hexo-theme-lite-master\\scripts\\generate-api.js","time":"2018-04-18T08:18:58.239Z","v":0}
{"name":"hexo","hostname":"LAPTOP-2J7PR6JO","pid":8224,"level":20,"msg":"Loading database.","time":"2018-04-18T08:18:58.247Z","v":0}
{"name":"hexo","hostname":"LAPTOP-2J7PR6JO","pid":8224,"level":30,"msg":"Start processing","time":"2018-04-18T08:18:58.274Z","v":0}
{"name":"hexo","hostname":"LAPTOP-2J7PR6JO","pid":8224,"level":20,"msg":"Processed: 副本/hello-world - 副本.md","time":"2018-04-18T08:18:58.345Z","v":0}
{"name":"hexo","hostname":"LAPTOP-2J7PR6JO","pid":8224,"level":20,"msg":"Theme config loaded.","time":"2018-04-18T08:18:58.400Z","v":0}
{"name":"hexo","hostname":"LAPTOP-2J7PR6JO","pid":8224,"level":20,"msg":"Processed: _config.yml","time":"2018-04-18T08:18:58.402Z","v":0}
{"name":"hexo","hostname":"LAPTOP-2J7PR6JO","pid":8224,"level":20,"msg":"Processed: source/static/favicon.ico","time":"2018-04-18T08:18:58.402Z","v":0}
{"name":"hexo","hostname":"LAPTOP-2J7PR6JO","pid":8224,"level":20,"msg":"Processed: source/static/favicon_old.ico","time":"2018-04-18T08:18:58.402Z","v":0}
{"name":"hexo","hostname":"LAPTOP-2J7PR6JO","pid":8224,"level":20,"msg":"Processed: layout/index.ejs","time":"2018-04-18T08:18:58.432Z","v":0}
{"name":"hexo","hostname":"LAPTOP-2J7PR6JO","pid":8224,"level":20,"msg":"Processed: _posts/hello-world.md","time":"2018-04-18T08:18:58.445Z","v":0}
{"name":"hexo","hostname":"LAPTOP-2J7PR6JO","pid":8224,"level":20,"msg":"Processed: source/static/css/app.735a96676d004a3ab4342a23d617337f.css.gz","time":"2018-04-18T08:18:58.445Z","v":0}
{"name":"hexo","hostname":"LAPTOP-2J7PR6JO","pid":8224,"level":20,"msg":"Processed: source/static/fonts/element-icons.6f0a763.ttf","time":"2018-04-18T08:18:58.445Z","v":0}
{"name":"hexo","hostname":"LAPTOP-2J7PR6JO","pid":8224,"level":20,"msg":"Processed: source/static/images/kamuyi_old.jpg","time":"2018-04-18T08:18:58.446Z","v":0}
{"name":"hexo","hostname":"LAPTOP-2J7PR6JO","pid":8224,"level":20,"msg":"Processed: source/static/js/0.70dabc1c0009631e2a0e.js.gz","time":"2018-04-18T08:18:58.446Z","v":0}
{"name":"hexo","hostname":"LAPTOP-2J7PR6JO","pid":8224,"level":20,"msg":"Processed: _posts/hello111.md","time":"2018-04-18T08:18:58.446Z","v":0}
{"name":"hexo","hostname":"LAPTOP-2J7PR6JO","pid":8224,"level":20,"msg":"Processed: source/static/js/0.70dabc1c0009631e2a0e.js","time":"2018-04-18T08:18:58.447Z","v":0}
{"name":"hexo","hostname":"LAPTOP-2J7PR6JO","pid":8224,"level":20,"msg":"Processed: source/static/js/1.bcea4c6d162aee194d2f.js.gz","time":"2018-04-18T08:18:58.449Z","v":0}
{"name":"hexo","hostname":"LAPTOP-2J7PR6JO","pid":8224,"level":20,"msg":"Processed: source/static/js/2.3cfdff1b7c1cae50046a.js.gz","time":"2018-04-18T08:18:58.450Z","v":0}
{"name":"hexo","hostname":"LAPTOP-2J7PR6JO","pid":8224,"level":20,"msg":"Processed: source/static/js/3.deac70890ffb1825009b.js","time":"2018-04-18T08:18:58.450Z","v":0}
{"name":"hexo","hostname":"LAPTOP-2J7PR6JO","pid":8224,"level":20,"msg":"Processed: source/static/js/3.deac70890ffb1825009b.js.map","time":"2018-04-18T08:18:58.450Z","v":0}
{"name":"hexo","hostname":"LAPTOP-2J7PR6JO","pid":8224,"level":20,"msg":"Processed: source/static/js/4.b530ea7d5ec4696df8e1.js","time":"2018-04-18T08:18:58.450Z","v":0}
{"name":"hexo","hostname":"LAPTOP-2J7PR6JO","pid":8224,"level":20,"msg":"Processed: source/static/js/4.b530ea7d5ec4696df8e1.js.map","time":"2018-04-18T08:18:58.451Z","v":0}
{"name":"hexo","hostname":"LAPTOP-2J7PR6JO","pid":8224,"level":20,"msg":"Processed: source/static/js/5.c7fc1283ec1fdfd0717e.js","time":"2018-04-18T08:18:58.451Z","v":0}
{"name":"hexo","hostname":"LAPTOP-2J7PR6JO","pid":8224,"level":20,"msg":"Processed: source/static/js/5.c7fc1283ec1fdfd0717e.js.map","time":"2018-04-18T08:18:58.451Z","v":0}
{"name":"hexo","hostname":"LAPTOP-2J7PR6JO","pid":8224,"level":20,"msg":"Processed: source/static/js/6.881c66edb9204f71bb5d.js","time":"2018-04-18T08:18:58.451Z","v":0}
{"name":"hexo","hostname":"LAPTOP-2J7PR6JO","pid":8224,"level":20,"msg":"Processed: source/static/js/7.cae543e622eab56f781f.js","time":"2018-04-18T08:18:58.451Z","v":0}
{"name":"hexo","hostname":"LAPTOP-2J7PR6JO","pid":8224,"level":20,"msg":"Processed: source/static/js/6.881c66edb9204f71bb5d.js.map","time":"2018-04-18T08:18:58.452Z","v":0}
{"name":"hexo","hostname":"LAPTOP-2J7PR6JO","pid":8224,"level":20,"msg":"Processed: source/static/js/7.cae543e622eab56f781f.js.map","time":"2018-04-18T08:18:58.452Z","v":0}
{"name":"hexo","hostname":"LAPTOP-2J7PR6JO","pid":8224,"level":20,"msg":"Processed: source/static/js/app.0e5d9a3657c7938b569f.js","time":"2018-04-18T08:18:58.452Z","v":0}
{"name":"hexo","hostname":"LAPTOP-2J7PR6JO","pid":8224,"level":20,"msg":"Processed: source/static/js/app.0e5d9a3657c7938b569f.js.gz","time":"2018-04-18T08:18:58.453Z","v":0}
{"name":"hexo","hostname":"LAPTOP-2J7PR6JO","pid":8224,"level":20,"msg":"Processed: source/static/js/manifest.9c14e4c25ff8a4ffed18.js","time":"2018-04-18T08:18:58.453Z","v":0}
{"name":"hexo","hostname":"LAPTOP-2J7PR6JO","pid":8224,"level":20,"msg":"Processed: source/static/js/manifest.9c14e4c25ff8a4ffed18.js.map","time":"2018-04-18T08:18:58.453Z","v":0}
{"name":"hexo","hostname":"LAPTOP-2J7PR6JO","pid":8224,"level":20,"msg":"Processed: source/static/fonts/fontawesome-webfont.af7ae50.woff2","time":"2018-04-18T08:18:58.496Z","v":0}
{"name":"hexo","hostname":"LAPTOP-2J7PR6JO","pid":8224,"level":20,"msg":"Processed: source/static/fonts/fontawesome-webfont.fee66e7.woff","time":"2018-04-18T08:18:58.496Z","v":0}
{"name":"hexo","hostname":"LAPTOP-2J7PR6JO","pid":8224,"level":20,"msg":"Processed: source/static/fonts/proximanova.3d5b0ad.woff","time":"2018-04-18T08:18:58.497Z","v":0}
{"name":"hexo","hostname":"LAPTOP-2J7PR6JO","pid":8224,"level":20,"msg":"Processed: source/static/fonts/proximanova.943bfb3.eot","time":"2018-04-18T08:18:58.497Z","v":0}
{"name":"hexo","hostname":"LAPTOP-2J7PR6JO","pid":8224,"level":20,"msg":"Processed: source/static/fonts/proximanova.e82905b.ttf","time":"2018-04-18T08:18:58.497Z","v":0}
{"name":"hexo","hostname":"LAPTOP-2J7PR6JO","pid":8224,"level":20,"msg":"Processed: source/static/images/miku.jpg","time":"2018-04-18T08:18:58.497Z","v":0}
{"name":"hexo","hostname":"LAPTOP-2J7PR6JO","pid":8224,"level":20,"msg":"Processed: source/static/js/0.70dabc1c0009631e2a0e.js.map","time":"2018-04-18T08:18:58.497Z","v":0}
{"name":"hexo","hostname":"LAPTOP-2J7PR6JO","pid":8224,"level":20,"msg":"Processed: source/static/js/app.0e5d9a3657c7938b569f.js.map","time":"2018-04-18T08:18:58.498Z","v":0}
{"name":"hexo","hostname":"LAPTOP-2J7PR6JO","pid":8224,"level":20,"msg":"Processed: source/static/js/vendor.e12dc8c9af1f7aa12436.js.gz","time":"2018-04-18T08:18:58.498Z","v":0}
{"name":"hexo","hostname":"LAPTOP-2J7PR6JO","pid":8224,"level":20,"msg":"Processed: src/layout/app-layout.component.ts","time":"2018-04-18T08:18:58.539Z","v":0}
{"name":"hexo","hostname":"LAPTOP-2J7PR6JO","pid":8224,"level":20,"msg":"Processed: src/layout/AppLayout.vue","time":"2018-04-18T08:18:58.540Z","v":0}
{"name":"hexo","hostname":"LAPTOP-2J7PR6JO","pid":8224,"level":20,"msg":"Processed: source/static/fonts/FiraCode-Regular.2fe2d29.woff","time":"2018-04-18T08:18:58.544Z","v":0}
{"name":"hexo","hostname":"LAPTOP-2J7PR6JO","pid":8224,"level":20,"msg":"Processed: source/static/fonts/FiraCode-Regular.32d1e9f.eot","time":"2018-04-18T08:18:58.545Z","v":0}
{"name":"hexo","hostname":"LAPTOP-2J7PR6JO","pid":8224,"level":20,"msg":"Processed: source/static/fonts/FiraCode-Regular.cb83346.ttf","time":"2018-04-18T08:18:58.545Z","v":0}
{"name":"hexo","hostname":"LAPTOP-2J7PR6JO","pid":8224,"level":20,"msg":"Processed: source/static/fonts/fontawesome-webfont.674f50d.eot","time":"2018-04-18T08:18:58.545Z","v":0}
{"name":"hexo","hostname":"LAPTOP-2J7PR6JO","pid":8224,"level":20,"msg":"Processed: source/static/fonts/fontawesome-webfont.b06871f.ttf","time":"2018-04-18T08:18:58.546Z","v":0}
{"name":"hexo","hostname":"LAPTOP-2J7PR6JO","pid":8224,"level":20,"msg":"Processed: source/static/images/kamuyi.jpg","time":"2018-04-18T08:18:58.546Z","v":0}
{"name":"hexo","hostname":"LAPTOP-2J7PR6JO","pid":8224,"level":20,"msg":"Processed: source/static/js/1.bcea4c6d162aee194d2f.js","time":"2018-04-18T08:18:58.546Z","v":0}
{"name":"hexo","hostname":"LAPTOP-2J7PR6JO","pid":8224,"level":20,"msg":"Processed: source/static/js/2.3cfdff1b7c1cae50046a.js","time":"2018-04-18T08:18:58.546Z","v":0}
{"name":"hexo","hostname":"LAPTOP-2J7PR6JO","pid":8224,"level":20,"msg":"Processed: source/static/css/app.735a96676d004a3ab4342a23d617337f.css","time":"2018-04-18T08:18:58.549Z","v":0}
{"name":"hexo","hostname":"LAPTOP-2J7PR6JO","pid":8224,"level":20,"msg":"Processed: source/static/img/FiraCode-Regular.7894876.svg","time":"2018-04-18T08:18:58.549Z","v":0}
{"name":"hexo","hostname":"LAPTOP-2J7PR6JO","pid":8224,"level":20,"msg":"Processed: source/static/img/proximanova.80c0947.svg","time":"2018-04-18T08:18:58.550Z","v":0}
{"name":"hexo","hostname":"LAPTOP-2J7PR6JO","pid":8224,"level":20,"msg":"Processed: source/static/js/1.bcea4c6d162aee194d2f.js.map","time":"2018-04-18T08:18:58.553Z","v":0}
{"name":"hexo","hostname":"LAPTOP-2J7PR6JO","pid":8224,"level":20,"msg":"Processed: source/static/js/2.3cfdff1b7c1cae50046a.js.map","time":"2018-04-18T08:18:58.553Z","v":0}
{"name":"hexo","hostname":"LAPTOP-2J7PR6JO","pid":8224,"level":20,"msg":"Processed: source/static/img/fontawesome-webfont.912ec66.svg","time":"2018-04-18T08:18:58.555Z","v":0}
{"name":"hexo","hostname":"LAPTOP-2J7PR6JO","pid":8224,"level":20,"msg":"Processed: source/static/js/vendor.e12dc8c9af1f7aa12436.js","time":"2018-04-18T08:18:58.555Z","v":0}
{"name":"hexo","hostname":"LAPTOP-2J7PR6JO","pid":8224,"level":20,"msg":"Processed: source/static/css/app.735a96676d004a3ab4342a23d617337f.css.map","time":"2018-04-18T08:18:58.563Z","v":0}
{"name":"hexo","hostname":"LAPTOP-2J7PR6JO","pid":8224,"level":20,"msg":"Processed: source/static/js/vendor.e12dc8c9af1f7aa12436.js.map","time":"2018-04-18T08:18:58.566Z","v":0}
{"name":"hexo","hostname":"LAPTOP-2J7PR6JO","pid":8224,"level":20,"msg":"Generator: page","time":"2018-04-18T08:18:58.921Z","v":0}
{"name":"hexo","hostname":"LAPTOP-2J7PR6JO","pid":8224,"level":20,"msg":"Generator: post","time":"2018-04-18T08:18:58.921Z","v":0}
{"name":"hexo","hostname":"LAPTOP-2J7PR6JO","pid":8224,"level":20,"msg":"Generator: archive","time":"2018-04-18T08:18:58.921Z","v":0}
{"name":"hexo","hostname":"LAPTOP-2J7PR6JO","pid":8224,"level":20,"msg":"Generator: category","time":"2018-04-18T08:18:58.921Z","v":0}
{"name":"hexo","hostname":"LAPTOP-2J7PR6JO","pid":8224,"level":20,"msg":"Generator: index","time":"2018-04-18T08:18:58.921Z","v":0}
{"name":"hexo","hostname":"LAPTOP-2J7PR6JO","pid":8224,"level":20,"msg":"Generator: tag","time":"2018-04-18T08:18:58.921Z","v":0}
{"name":"hexo","hostname":"LAPTOP-2J7PR6JO","pid":8224,"level":20,"msg":"Generator: liteRestfulApi","time":"2018-04-18T08:18:58.921Z","v":0}
{"name":"hexo","hostname":"LAPTOP-2J7PR6JO","pid":8224,"level":20,"msg":"Generator: asset","time":"2018-04-18T08:18:58.922Z","v":0}
{"name":"hexo","hostname":"LAPTOP-2J7PR6JO","pid":8224,"level":30,"msg":"Hexo is running at http://localhost:4000/. Press Ctrl+C to stop.","time":"2018-04-18T08:18:58.928Z","v":0}
{"name":"hexo","hostname":"LAPTOP-2J7PR6JO","pid":8224,"level":20,"msg":"Database saved","time":"2018-04-18T08:18:58.937Z","v":0}
{"name":"hexo","hostname":"LAPTOP-2J7PR6JO","pid":8224,"level":20,"msg":"Rendering index: index.html","time":"2018-04-18T08:19:00.039Z","v":0}
{"name":"hexo","hostname":"LAPTOP-2J7PR6JO","pid":8224,"level":20,"msg":"Processed: _posts/hello-world.md","time":"2018-04-18T08:19:57.278Z","v":0}
{"name":"hexo","hostname":"LAPTOP-2J7PR6JO","pid":8224,"level":20,"msg":"Generator: page","time":"2018-04-18T08:19:57.407Z","v":0}
{"name":"hexo","hostname":"LAPTOP-2J7PR6JO","pid":8224,"level":20,"msg":"Generator: post","time":"2018-04-18T08:19:57.407Z","v":0}
{"name":"hexo","hostname":"LAPTOP-2J7PR6JO","pid":8224,"level":20,"msg":"Generator: archive","time":"2018-04-18T08:19:57.407Z","v":0}
{"name":"hexo","hostname":"LAPTOP-2J7PR6JO","pid":8224,"level":20,"msg":"Generator: category","time":"2018-04-18T08:19:57.407Z","v":0}
{"name":"hexo","hostname":"LAPTOP-2J7PR6JO","pid":8224,"level":20,"msg":"Generator: index","time":"2018-04-18T08:19:57.407Z","v":0}
{"name":"hexo","hostname":"LAPTOP-2J7PR6JO","pid":8224,"level":20,"msg":"Generator: tag","time":"2018-04-18T08:19:57.407Z","v":0}
{"name":"hexo","hostname":"LAPTOP-2J7PR6JO","pid":8224,"level":20,"msg":"Generator: liteRestfulApi","time":"2018-04-18T08:19:57.408Z","v":0}
{"name":"hexo","hostname":"LAPTOP-2J7PR6JO","pid":8224,"level":20,"msg":"Generator: asset","time":"2018-04-18T08:19:57.410Z","v":0}
{"name":"hexo","hostname":"LAPTOP-2J7PR6JO","pid":8224,"level":20,"msg":"Rendering index: index.html","time":"2018-04-18T08:19:59.651Z","v":0}
{"name":"hexo","hostname":"LAPTOP-2J7PR6JO","pid":8224,"level":20,"msg":"Processed: _posts/hello-world.md","time":"2018-04-18T08:22:02.903Z","v":0}
{"name":"hexo","hostname":"LAPTOP-2J7PR6JO","pid":8224,"level":20,"msg":"Generator: page","time":"2018-04-18T08:22:03.025Z","v":0}
{"name":"hexo","hostname":"LAPTOP-2J7PR6JO","pid":8224,"level":20,"msg":"Generator: post","time":"2018-04-18T08:22:03.025Z","v":0}
{"name":"hexo","hostname":"LAPTOP-2J7PR6JO","pid":8224,"level":20,"msg":"Generator: archive","time":"2018-04-18T08:22:03.025Z","v":0}
{"name":"hexo","hostname":"LAPTOP-2J7PR6JO","pid":8224,"level":20,"msg":"Generator: category","time":"2018-04-18T08:22:03.025Z","v":0}
{"name":"hexo","hostname":"LAPTOP-2J7PR6JO","pid":8224,"level":20,"msg":"Generator: index","time":"2018-04-18T08:22:03.025Z","v":0}
{"name":"hexo","hostname":"LAPTOP-2J7PR6JO","pid":8224,"level":20,"msg":"Generator: tag","time":"2018-04-18T08:22:03.026Z","v":0}
{"name":"hexo","hostname":"LAPTOP-2J7PR6JO","pid":8224,"level":20,"msg":"Generator: liteRestfulApi","time":"2018-04-18T08:22:03.026Z","v":0}
{"name":"hexo","hostname":"LAPTOP-2J7PR6JO","pid":8224,"level":20,"msg":"Generator: asset","time":"2018-04-18T08:22:03.026Z","v":0}
{"name":"hexo","hostname":"LAPTOP-2J7PR6JO","pid":8224,"level":20,"msg":"Rendering index: index.html","time":"2018-04-18T08:22:04.799Z","v":0}
{"name":"hexo","hostname":"LAPTOP-2J7PR6JO","pid":8224,"level":20,"msg":"Processed: _posts/hello-world.md","time":"2018-04-18T08:23:46.840Z","v":0}
{"name":"hexo","hostname":"LAPTOP-2J7PR6JO","pid":8224,"level":20,"msg":"Generator: page","time":"2018-04-18T08:23:47.080Z","v":0}
{"name":"hexo","hostname":"LAPTOP-2J7PR6JO","pid":8224,"level":20,"msg":"Generator: post","time":"2018-04-18T08:23:47.080Z","v":0}
{"name":"hexo","hostname":"LAPTOP-2J7PR6JO","pid":8224,"level":20,"msg":"Generator: archive","time":"2018-04-18T08:23:47.081Z","v":0}
{"name":"hexo","hostname":"LAPTOP-2J7PR6JO","pid":8224,"level":20,"msg":"Generator: category","time":"2018-04-18T08:23:47.081Z","v":0}
{"name":"hexo","hostname":"LAPTOP-2J7PR6JO","pid":8224,"level":20,"msg":"Generator: index","time":"2018-04-18T08:23:47.081Z","v":0}
{"name":"hexo","hostname":"LAPTOP-2J7PR6JO","pid":8224,"level":20,"msg":"Generator: tag","time":"2018-04-18T08:23:47.081Z","v":0}
{"name":"hexo","hostname":"LAPTOP-2J7PR6JO","pid":8224,"level":20,"msg":"Generator: liteRestfulApi","time":"2018-04-18T08:23:47.081Z","v":0}
{"name":"hexo","hostname":"LAPTOP-2J7PR6JO","pid":8224,"level":20,"msg":"Generator: asset","time":"2018-04-18T08:23:47.082Z","v":0}
{"name":"hexo","hostname":"LAPTOP-2J7PR6JO","pid":8224,"level":20,"msg":"Rendering index: index.html","time":"2018-04-18T08:23:51.916Z","v":0}
{"name":"hexo","hostname":"LAPTOP-2J7PR6JO","pid":8224,"level":30,"msg":"Bye!","time":"2018-04-18T08:26:31.675Z","v":0}
{"name":"hexo","hostname":"LAPTOP-2J7PR6JO","pid":8224,"level":20,"msg":"Database saved","time":"2018-04-18T08:26:31.684Z","v":0}
